{"/Users/wildheartt/game of life/game_of_life/only-js/scripts/functions/request-interval.js": {"path":"/Users/wildheartt/game of life/game_of_life/only-js/scripts/functions/request-interval.js","statementMap":{"0":{"start":{"line":2,"column":14},"end":{"line":4,"column":3}},"1":{"start":{"line":5,"column":14},"end":{"line":5,"column":24}},"2":{"start":{"line":7,"column":18},"end":{"line":24,"column":3}},"3":{"start":{"line":8,"column":2},"end":{"line":12,"column":3}},"4":{"start":{"line":9,"column":3},"end":{"line":9,"column":8}},"5":{"start":{"line":10,"column":3},"end":{"line":10,"column":43}},"6":{"start":{"line":11,"column":3},"end":{"line":11,"column":10}},"7":{"start":{"line":15,"column":16},"end":{"line":15,"column":26}},"8":{"start":{"line":16,"column":18},"end":{"line":16,"column":29}},"9":{"start":{"line":18,"column":4},"end":{"line":21,"column":5}},"10":{"start":{"line":19,"column":6},"end":{"line":19,"column":11}},"11":{"start":{"line":20,"column":6},"end":{"line":20,"column":39}},"12":{"start":{"line":23,"column":4},"end":{"line":23,"column":44}},"13":{"start":{"line":26,"column":2},"end":{"line":26,"column":42}},"14":{"start":{"line":28,"column":2},"end":{"line":28,"column":13}}},"fnMap":{"0":{"name":"requestInterval","decl":{"start":{"line":1,"column":16},"end":{"line":1,"column":31}},"loc":{"start":{"line":1,"column":50},"end":{"line":29,"column":1}},"line":1},"1":{"name":"(anonymous_1)","decl":{"start":{"line":7,"column":18},"end":{"line":7,"column":19}},"loc":{"start":{"line":7,"column":24},"end":{"line":24,"column":3}},"line":7}},"branchMap":{"0":{"loc":{"start":{"line":1,"column":36},"end":{"line":1,"column":48}},"type":"default-arg","locations":[{"start":{"line":1,"column":47},"end":{"line":1,"column":48}}],"line":1},"1":{"loc":{"start":{"line":8,"column":2},"end":{"line":12,"column":3}},"type":"if","locations":[{"start":{"line":8,"column":2},"end":{"line":12,"column":3}},{"start":{},"end":{}}],"line":8},"2":{"loc":{"start":{"line":18,"column":4},"end":{"line":21,"column":5}},"type":"if","locations":[{"start":{"line":18,"column":4},"end":{"line":21,"column":5}},{"start":{},"end":{}}],"line":18}},"s":{"0":4,"1":4,"2":4,"3":128,"4":66,"5":66,"6":66,"7":62,"8":62,"9":62,"10":0,"11":0,"12":62,"13":4,"14":4},"f":{"0":4,"1":128},"b":{"0":[0],"1":[66,62],"2":[0,62]},"_coverageSchema":"1a1c01bbd47fc00a2c39e90264f33305004495a9","hash":"4c8f89ce4630d0db2b0f634f162161c883106edc"}
,"/Users/wildheartt/game of life/game_of_life/only-js/scripts/functions/restrict-input.js": {"path":"/Users/wildheartt/game of life/game_of_life/only-js/scripts/functions/restrict-input.js","statementMap":{"0":{"start":{"line":2,"column":13},"end":{"line":2,"column":34}},"1":{"start":{"line":4,"column":1},"end":{"line":10,"column":2}},"2":{"start":{"line":5,"column":2},"end":{"line":5,"column":14}},"3":{"start":{"line":6,"column":8},"end":{"line":10,"column":2}},"4":{"start":{"line":7,"column":2},"end":{"line":7,"column":14}},"5":{"start":{"line":8,"column":8},"end":{"line":10,"column":2}},"6":{"start":{"line":9,"column":2},"end":{"line":9,"column":14}},"7":{"start":{"line":12,"column":1},"end":{"line":12,"column":32}},"8":{"start":{"line":14,"column":1},"end":{"line":14,"column":14}}},"fnMap":{"0":{"name":"restrictInputValue","decl":{"start":{"line":1,"column":16},"end":{"line":1,"column":34}},"loc":{"start":{"line":1,"column":52},"end":{"line":15,"column":1}},"line":1}},"branchMap":{"0":{"loc":{"start":{"line":4,"column":1},"end":{"line":10,"column":2}},"type":"if","locations":[{"start":{"line":4,"column":1},"end":{"line":10,"column":2}},{"start":{"line":6,"column":8},"end":{"line":10,"column":2}}],"line":4},"1":{"loc":{"start":{"line":6,"column":8},"end":{"line":10,"column":2}},"type":"if","locations":[{"start":{"line":6,"column":8},"end":{"line":10,"column":2}},{"start":{"line":8,"column":8},"end":{"line":10,"column":2}}],"line":6},"2":{"loc":{"start":{"line":8,"column":8},"end":{"line":10,"column":2}},"type":"if","locations":[{"start":{"line":8,"column":8},"end":{"line":10,"column":2}},{"start":{},"end":{}}],"line":8}},"s":{"0":7,"1":7,"2":1,"3":6,"4":2,"5":4,"6":1,"7":7,"8":7},"f":{"0":7},"b":{"0":[1,6],"1":[2,4],"2":[1,3]},"_coverageSchema":"1a1c01bbd47fc00a2c39e90264f33305004495a9","hash":"42cfd2081212cbd5481f508fbe9e5e0574f8a85d"}
,"/Users/wildheartt/game of life/game_of_life/only-ts/interfacesOrTypes/index.ts": {"path":"/Users/wildheartt/game of life/game_of_life/only-ts/interfacesOrTypes/index.ts","statementMap":{"0":{"start":{"line":48,"column":0},"end":{"line":48,"column":16}},"1":{"start":{"line":49,"column":2},"end":{"line":58,"column":4}}},"fnMap":{"0":{"name":"isGameOfLifeParams","decl":{"start":{"line":48,"column":16},"end":{"line":48,"column":34}},"loc":{"start":{"line":48,"column":43},"end":{"line":59,"column":1}}}},"branchMap":{"0":{"loc":{"start":{"line":50,"column":4},"end":{"line":57,"column":40}},"type":"binary-expr","locations":[{"start":{"line":50,"column":4},"end":{"line":50,"column":7}},{"start":{"line":51,"column":4},"end":{"line":51,"column":43}},{"start":{"line":52,"column":4},"end":{"line":52,"column":39}},{"start":{"line":53,"column":4},"end":{"line":53,"column":39}},{"start":{"line":54,"column":4},"end":{"line":54,"column":35}},{"start":{"line":55,"column":4},"end":{"line":55,"column":33}},{"start":{"line":56,"column":4},"end":{"line":56,"column":44}},{"start":{"line":57,"column":4},"end":{"line":57,"column":40}}]}},"s":{"0":1,"1":5},"f":{"0":5},"b":{"0":[5,4,2,2,1,1,1,1]}}
,"/Users/wildheartt/game of life/game_of_life/only-ts/scripts/functions/request-interval.ts": {"path":"/Users/wildheartt/game of life/game_of_life/only-ts/scripts/functions/request-interval.ts","statementMap":{"0":{"start":{"line":1,"column":0},"end":{"line":1,"column":16}},"1":{"start":{"line":2,"column":14},"end":{"line":4,"column":4}},"2":{"start":{"line":5,"column":14},"end":{"line":5,"column":24}},"3":{"start":{"line":7,"column":18},"end":{"line":24,"column":3}},"4":{"start":{"line":8,"column":2},"end":{"line":12,"column":3}},"5":{"start":{"line":9,"column":3},"end":{"line":9,"column":8}},"6":{"start":{"line":10,"column":3},"end":{"line":10,"column":43}},"7":{"start":{"line":11,"column":3},"end":{"line":11,"column":10}},"8":{"start":{"line":15,"column":16},"end":{"line":15,"column":26}},"9":{"start":{"line":16,"column":18},"end":{"line":16,"column":29}},"10":{"start":{"line":18,"column":4},"end":{"line":21,"column":5}},"11":{"start":{"line":19,"column":6},"end":{"line":19,"column":11}},"12":{"start":{"line":20,"column":6},"end":{"line":20,"column":39}},"13":{"start":{"line":23,"column":4},"end":{"line":23,"column":44}},"14":{"start":{"line":26,"column":2},"end":{"line":26,"column":42}},"15":{"start":{"line":28,"column":2},"end":{"line":28,"column":13}}},"fnMap":{"0":{"name":"requestInterval","decl":{"start":{"line":1,"column":16},"end":{"line":1,"column":31}},"loc":{"start":{"line":1,"column":68},"end":{"line":29,"column":1}}},"1":{"name":"(anonymous_1)","decl":{"start":{"line":7,"column":18},"end":{"line":7,"column":21}},"loc":{"start":{"line":7,"column":23},"end":{"line":24,"column":3}}}},"branchMap":{"0":{"loc":{"start":{"line":1,"column":48},"end":{"line":1,"column":68}},"type":"default-arg","locations":[{"start":{"line":1,"column":67},"end":{"line":1,"column":68}}]},"1":{"loc":{"start":{"line":8,"column":2},"end":{"line":12,"column":3}},"type":"if","locations":[{"start":{"line":8,"column":2},"end":{"line":12,"column":3}}]},"2":{"loc":{"start":{"line":18,"column":4},"end":{"line":21,"column":5}},"type":"if","locations":[{"start":{"line":18,"column":4},"end":{"line":21,"column":5}}]}},"s":{"0":1,"1":4,"2":4,"3":4,"4":128,"5":66,"6":66,"7":66,"8":62,"9":62,"10":62,"11":0,"12":0,"13":62,"14":4,"15":4},"f":{"0":4,"1":128},"b":{"0":[0],"1":[66],"2":[0]}}
,"/Users/wildheartt/game of life/game_of_life/only-ts/scripts/functions/restrict-input.ts": {"path":"/Users/wildheartt/game of life/game_of_life/only-ts/scripts/functions/restrict-input.ts","statementMap":{"0":{"start":{"line":1,"column":0},"end":{"line":1,"column":16}},"1":{"start":{"line":2,"column":13},"end":{"line":2,"column":34}},"2":{"start":{"line":4,"column":1},"end":{"line":10,"column":2}},"3":{"start":{"line":5,"column":2},"end":{"line":5,"column":14}},"4":{"start":{"line":6,"column":8},"end":{"line":10,"column":2}},"5":{"start":{"line":7,"column":2},"end":{"line":7,"column":14}},"6":{"start":{"line":8,"column":8},"end":{"line":10,"column":2}},"7":{"start":{"line":9,"column":2},"end":{"line":9,"column":14}},"8":{"start":{"line":12,"column":1},"end":{"line":12,"column":32}},"9":{"start":{"line":14,"column":1},"end":{"line":14,"column":14}}},"fnMap":{"0":{"name":"restrictInputValue","decl":{"start":{"line":1,"column":16},"end":{"line":1,"column":34}},"loc":{"start":{"line":1,"column":84},"end":{"line":15,"column":1}}}},"branchMap":{"0":{"loc":{"start":{"line":4,"column":1},"end":{"line":10,"column":2}},"type":"if","locations":[{"start":{"line":4,"column":1},"end":{"line":10,"column":2}},{"start":{"line":6,"column":8},"end":{"line":10,"column":2}}]},"1":{"loc":{"start":{"line":6,"column":8},"end":{"line":10,"column":2}},"type":"if","locations":[{"start":{"line":6,"column":8},"end":{"line":10,"column":2}},{"start":{"line":8,"column":8},"end":{"line":10,"column":2}}]},"2":{"loc":{"start":{"line":8,"column":8},"end":{"line":10,"column":2}},"type":"if","locations":[{"start":{"line":8,"column":8},"end":{"line":10,"column":2}}]}},"s":{"0":1,"1":7,"2":7,"3":1,"4":6,"5":2,"6":4,"7":1,"8":7,"9":7},"f":{"0":7},"b":{"0":[1,6],"1":[2,4],"2":[1]}}
}
