TN:
SF:only-js/scripts/functions/request-interval.js
FN:1,requestInterval
FN:7,(anonymous_1)
FNF:2
FNH:2
FNDA:4,requestInterval
FNDA:128,(anonymous_1)
DA:2,4
DA:5,4
DA:7,4
DA:8,128
DA:9,66
DA:10,66
DA:11,66
DA:15,62
DA:16,62
DA:18,62
DA:19,0
DA:20,0
DA:23,62
DA:26,4
DA:28,4
LF:15
LH:13
BRDA:1,0,0,0
BRDA:8,1,0,66
BRDA:8,1,1,62
BRDA:18,2,0,0
BRDA:18,2,1,62
BRF:5
BRH:3
end_of_record
TN:
SF:only-js/scripts/functions/restrict-input.js
FN:1,restrictInputValue
FNF:1
FNH:1
FNDA:7,restrictInputValue
DA:2,7
DA:4,7
DA:5,1
DA:6,6
DA:7,2
DA:8,4
DA:9,1
DA:12,7
DA:14,7
LF:9
LH:9
BRDA:4,0,0,1
BRDA:4,0,1,6
BRDA:6,1,0,2
BRDA:6,1,1,4
BRDA:8,2,0,1
BRDA:8,2,1,3
BRF:6
BRH:6
end_of_record
TN:
SF:only-ts/interfacesOrTypes/index.ts
FN:48,isGameOfLifeParams
FNF:1
FNH:1
FNDA:5,isGameOfLifeParams
DA:48,1
DA:49,5
LF:2
LH:2
BRDA:50,0,0,5
BRDA:50,0,1,4
BRDA:50,0,2,2
BRDA:50,0,3,2
BRDA:50,0,4,1
BRDA:50,0,5,1
BRDA:50,0,6,1
BRDA:50,0,7,1
BRF:8
BRH:8
end_of_record
TN:
SF:only-ts/scripts/functions/request-interval.ts
FN:1,requestInterval
FN:7,(anonymous_1)
FNF:2
FNH:2
FNDA:4,requestInterval
FNDA:128,(anonymous_1)
DA:1,1
DA:2,4
DA:5,4
DA:7,4
DA:8,128
DA:9,66
DA:10,66
DA:11,66
DA:15,62
DA:16,62
DA:18,62
DA:19,0
DA:20,0
DA:23,62
DA:26,4
DA:28,4
LF:16
LH:14
BRDA:1,0,0,0
BRDA:8,1,0,66
BRDA:18,2,0,0
BRF:3
BRH:1
end_of_record
TN:
SF:only-ts/scripts/functions/restrict-input.ts
FN:1,restrictInputValue
FNF:1
FNH:1
FNDA:7,restrictInputValue
DA:1,1
DA:2,7
DA:4,7
DA:5,1
DA:6,6
DA:7,2
DA:8,4
DA:9,1
DA:12,7
DA:14,7
LF:10
LH:10
BRDA:4,0,0,1
BRDA:4,0,1,6
BRDA:6,1,0,2
BRDA:6,1,1,4
BRDA:8,2,0,1
BRF:5
BRH:5
end_of_record
